Assembler report for DE10_NANO_SoC_GHRD
Mon Sep 16 22:57:50 2019
Quartus Prime Version 18.1.0 Build 625 09/12/2018 SJ Lite Edition


---------------------
; Table of Contents ;
---------------------
  1. Legal Notice
  2. Assembler Summary
  3. Assembler Settings
  4. Assembler Encrypted IP Cores Summary
  5. Assembler Generated Files
  6. Assembler Device Options: DE10_NANO_SoC_GHRD.sof
  7. Assembler Messages



----------------
; Legal Notice ;
----------------
Copyright (C) 2018  Intel Corporation. All rights reserved.
Your use of Intel Corporation's design tools, logic functions 
and other software and tools, and its AMPP partner logic 
functions, and any output files from any of the foregoing 
(including device programming or simulation files), and any 
associated documentation or information are expressly subject 
to the terms and conditions of the Intel Program License 
Subscription Agreement, the Intel Quartus Prime License Agreement,
the Intel FPGA IP License Agreement, or other applicable license
agreement, including, without limitation, that your use is for
the sole purpose of programming logic devices manufactured by
Intel and sold by Intel or its authorized distributors.  Please
refer to the applicable agreement for further details.



+---------------------------------------------------------------+
; Assembler Summary                                             ;
+-----------------------+---------------------------------------+
; Assembler Status      ; Successful - Mon Sep 16 22:57:50 2019 ;
; Revision Name         ; DE10_NANO_SoC_GHRD                    ;
; Top-level Entity Name ; DE10_NANO_SoC_GHRD                    ;
; Family                ; Cyclone V                             ;
; Device                ; 5CSEBA6U23I7                          ;
+-----------------------+---------------------------------------+


+----------------------------------+
; Assembler Settings               ;
+--------+---------+---------------+
; Option ; Setting ; Default Value ;
+--------+---------+---------------+


+------------------------------------------------+
; Assembler Encrypted IP Cores Summary           ;
+--------+------------------------+--------------+
; Vendor ; IP Core Name           ; License Type ;
+--------+------------------------+--------------+
; Altera ; Signal Tap (6AF7 BCE1) ; Licensed     ;
; Altera ; Signal Tap (6AF7 BCEC) ; Licensed     ;
+--------+------------------------+--------------+


+------------------------------------------------------------------------------------------------------------------------------------------------------------------------------+
; Assembler Generated Files                                                                                                                                                    ;
+------------------------------------------------------------------------------------------------------------------------------------------------------------------------------+
; File Name                                                                                                                                                                    ;
+------------------------------------------------------------------------------------------------------------------------------------------------------------------------------+
; /home/teslacat/Desktop/GitHub/Works-Done-In-Dzmitry-s-Lab-At-CQT/Cyclone V SoC Control System/Quartus Project Stage 3/DE10_NANO_SoC_GHRD/output_files/DE10_NANO_SoC_GHRD.sof ;
+------------------------------------------------------------------------------------------------------------------------------------------------------------------------------+


+--------------------------------------------------+
; Assembler Device Options: DE10_NANO_SoC_GHRD.sof ;
+----------------+---------------------------------+
; Option         ; Setting                         ;
+----------------+---------------------------------+
; JTAG usercode  ; 0x01483D6B                      ;
; Checksum       ; 0x01483D6B                      ;
+----------------+---------------------------------+


+--------------------+
; Assembler Messages ;
+--------------------+
Info: *******************************************************************
Info: Running Quartus Prime Assembler
    Info: Version 18.1.0 Build 625 09/12/2018 SJ Lite Edition
    Info: Processing started: Mon Sep 16 22:57:31 2019
Info: Command: quartus_asm --read_settings_files=off --write_settings_files=off DE10_NANO_SoC_GHRD -c DE10_NANO_SoC_GHRD
Warning (18236): Number of processors has not been specified which may cause overloading on shared machines.  Set the global assignment NUM_PARALLEL_PROCESSORS in your QSF to an appropriate value for best performance.
Info (115030): Assembler is generating device programming files
Warning (11713): The configuration of the Hard Processor Subsystem (HPS) within this design has changed.
The Preloader software that initializes the HPS requires an update.
Using hps_isw_handoff/soc_system_hps_0/, run the Preloader Support Package Generator to update your Preloader software
Info: Quartus Prime Assembler was successful. 0 errors, 2 warnings
    Info: Peak virtual memory: 1064 megabytes
    Info: Processing ended: Mon Sep 16 22:57:50 2019
    Info: Elapsed time: 00:00:19
    Info: Total CPU time (on all processors): 00:00:19


